C:\USERS\TOM\DOCUMENTS\GITHUB\THE CLOSEST-PAIR PROBLEM\DIVIDE AND CONQUER\DEBUG\VC110.PDB
C:\USERS\TOM\DOCUMENTS\GITHUB\THE CLOSEST-PAIR PROBLEM\DEBUG\DIVIDE AND CONQUER.ILK
C:\USERS\TOM\DOCUMENTS\GITHUB\THE CLOSEST-PAIR PROBLEM\DEBUG\DIVIDE AND CONQUER.EXE
C:\USERS\TOM\DOCUMENTS\GITHUB\THE CLOSEST-PAIR PROBLEM\DEBUG\DIVIDE AND CONQUER.PDB
C:\Users\Tom\Documents\GitHub\The Closest-Pair Problem\divide and conquer\Debug\cl.command.1.tlog
C:\Users\Tom\Documents\GitHub\The Closest-Pair Problem\divide and conquer\Debug\CL.read.1.tlog
C:\Users\Tom\Documents\GitHub\The Closest-Pair Problem\divide and conquer\Debug\CL.write.1.tlog
C:\Users\Tom\Documents\GitHub\The Closest-Pair Problem\divide and conquer\Debug\link-cvtres.read.1.tlog
C:\Users\Tom\Documents\GitHub\The Closest-Pair Problem\divide and conquer\Debug\link-cvtres.write.1.tlog
C:\Users\Tom\Documents\GitHub\The Closest-Pair Problem\divide and conquer\Debug\link-rc.read.1.tlog
C:\Users\Tom\Documents\GitHub\The Closest-Pair Problem\divide and conquer\Debug\link-rc.write.1.tlog
C:\Users\Tom\Documents\GitHub\The Closest-Pair Problem\divide and conquer\Debug\link.2188-cvtres.read.1.tlog
C:\Users\Tom\Documents\GitHub\The Closest-Pair Problem\divide and conquer\Debug\link.2188-cvtres.write.1.tlog
C:\Users\Tom\Documents\GitHub\The Closest-Pair Problem\divide and conquer\Debug\link.2188-rc.read.1.tlog
C:\Users\Tom\Documents\GitHub\The Closest-Pair Problem\divide and conquer\Debug\link.2188-rc.write.1.tlog
C:\Users\Tom\Documents\GitHub\The Closest-Pair Problem\divide and conquer\Debug\link.2188.read.1.tlog
C:\Users\Tom\Documents\GitHub\The Closest-Pair Problem\divide and conquer\Debug\link.2188.write.1.tlog
C:\Users\Tom\Documents\GitHub\The Closest-Pair Problem\divide and conquer\Debug\link.8308-cvtres.read.1.tlog
C:\Users\Tom\Documents\GitHub\The Closest-Pair Problem\divide and conquer\Debug\link.8308-cvtres.write.1.tlog
C:\Users\Tom\Documents\GitHub\The Closest-Pair Problem\divide and conquer\Debug\link.8308-rc.read.1.tlog
C:\Users\Tom\Documents\GitHub\The Closest-Pair Problem\divide and conquer\Debug\link.8308-rc.write.1.tlog
C:\Users\Tom\Documents\GitHub\The Closest-Pair Problem\divide and conquer\Debug\link.8308.read.1.tlog
C:\Users\Tom\Documents\GitHub\The Closest-Pair Problem\divide and conquer\Debug\link.8308.write.1.tlog
C:\Users\Tom\Documents\GitHub\The Closest-Pair Problem\divide and conquer\Debug\link.command.1.tlog
C:\Users\Tom\Documents\GitHub\The Closest-Pair Problem\divide and conquer\Debug\link.read.1.tlog
C:\Users\Tom\Documents\GitHub\The Closest-Pair Problem\divide and conquer\Debug\link.write.1.tlog
C:\Users\Tom\Documents\GitHub\The Closest-Pair Problem\divide and conquer\Debug\vc110.idb
C:\Users\Tom\Documents\GitHub\The Closest-Pair Problem\divide and conquer\Debug\vc110.pdb
C:\Users\Tom\Documents\GitHub\The Closest-Pair Problem\Debug\divide and conquer.pdb
C:\Users\Tom\Documents\GitHub\The Closest-Pair Problem\Debug\divide and conquer.exe
C:\Users\Tom\Documents\GitHub\The Closest-Pair Problem\Debug\divide and conquer.ilk
